Event studies -- politician characteristics (_app_16)
  set1 / area  (16 specs)
  wrote app16_polischar_evst_fe1_area_{ori,rotated}.png  (pre=5 post=5)
  wrote app16_polischar_evst_fe2_area_{ori,rotated}.png  (pre=5 post=5)
  wrote app16_polischar_evst_fe3_area_{ori,rotated}.png  (pre=5 post=5)
  wrote app16_polischar_evst_fe4_area_{ori,rotated}.png  (pre=5 post=5)
  wrote app16_polischar_evst_fe5_area_{ori,rotated}.png  (pre=5 post=5)
  wrote app16_polischar_evst_fe6_area_{ori,rotated}.png  (pre=5 post=5)
  wrote app16_polischar_evst_fe7_area_{ori,rotated}.png  (pre=5 post=5)
  wrote app16_polischar_evst_fe8_area_{ori,rotated}.png  (pre=5 post=5)
  wrote app16_polischar_evst_fe9_area_{ori,rotated}.png  (pre=5 post=5)
  wrote app16_polischar_evst_fe10_area_{ori,rotated}.png  (pre=5 post=5)
  wrote app16_polischar_evst_fe11_area_{ori,rotated}.png  (pre=5 post=5)
  wrote app16_polischar_evst_fe12_area_{ori,rotated}.png  (pre=5 post=5)
  wrote app16_polischar_evst_fe13_area_{ori,rotated}.png  (pre=5 post=5)
  wrote app16_polischar_evst_fe14_area_{ori,rotated}.png  (pre=5 post=5)
  wrote app16_polischar_evst_fe23_area_{ori,rotated}.png  (pre=5 post=5)
  wrote app16_polischar_evst_fe25_area_{ori,rotated}.png  (pre=5 post=5)
  set2 / area  (16 specs)
  wrote app16_polischar_evst_fe15_area_{ori,rotated}.png  (pre=5 post=5)
  wrote app16_polischar_evst_fe16_area_{ori,rotated}.png  (pre=5 post=5)
  wrote app16_polischar_evst_fe17_area_{ori,rotated}.png  (pre=5 post=5)
  wrote app16_polischar_evst_fe18_area_{ori,rotated}.png  (pre=5 post=5)
  wrote app16_polischar_evst_fe19_area_{ori,rotated}.png  (pre=5 post=5)
  wrote app16_polischar_evst_fe20_area_{ori,rotated}.png  (pre=5 post=5)
  wrote app16_polischar_evst_fe21_area_{ori,rotated}.png  (pre=5 post=5)
  wrote app16_polischar_evst_fe22_area_{ori,rotated}.png  (pre=5 post=5)
  wrote app16_polischar_evst_fe24_area_{ori,rotated}.png  (pre=5 post=5)
  wrote app16_polischar_evst_fe26_area_{ori,rotated}.png  (pre=5 post=5)
  wrote app16_polischar_evst_fe27_area_{ori,rotated}.png  (pre=5 post=5)
  wrote app16_polischar_evst_fe28_area_{ori,rotated}.png  (pre=5 post=5)
  wrote app16_polischar_evst_fe30_area_{ori,rotated}.png  (pre=5 post=5)
  wrote app16_polischar_evst_fe31_area_{ori,rotated}.png  (pre=5 post=5)
  wrote app16_polischar_evst_fe29_area_{ori,rotated}.png  (pre=5 post=5)
  wrote app16_polischar_evst_fe32_area_{ori,rotated}.png  (pre=5 post=5)
  set1 / farzad  (16 specs)
  wrote app16_polischar_evst_fe1_farzad_{ori,rotated}.png  (pre=5 post=5)
  wrote app16_polischar_evst_fe2_farzad_{ori,rotated}.png  (pre=5 post=5)
  wrote app16_polischar_evst_fe3_farzad_{ori,rotated}.png  (pre=5 post=5)
  wrote app16_polischar_evst_fe4_farzad_{ori,rotated}.png  (pre=5 post=5)
  wrote app16_polischar_evst_fe5_farzad_{ori,rotated}.png  (pre=5 post=5)
  wrote app16_polischar_evst_fe6_farzad_{ori,rotated}.png  (pre=5 post=5)
  wrote app16_polischar_evst_fe7_farzad_{ori,rotated}.png  (pre=5 post=5)
  wrote app16_polischar_evst_fe8_farzad_{ori,rotated}.png  (pre=5 post=5)
  wrote app16_polischar_evst_fe9_farzad_{ori,rotated}.png  (pre=5 post=5)
  wrote app16_polischar_evst_fe10_farzad_{ori,rotated}.png  (pre=5 post=5)
  wrote app16_polischar_evst_fe11_farzad_{ori,rotated}.png  (pre=5 post=5)
  wrote app16_polischar_evst_fe12_farzad_{ori,rotated}.png  (pre=5 post=5)
  wrote app16_polischar_evst_fe13_farzad_{ori,rotated}.png  (pre=5 post=5)
  wrote app16_polischar_evst_fe14_farzad_{ori,rotated}.png  (pre=5 post=5)
  wrote app16_polischar_evst_fe23_farzad_{ori,rotated}.png  (pre=5 post=5)
  wrote app16_polischar_evst_fe25_farzad_{ori,rotated}.png  (pre=5 post=5)
  set2 / farzad  (16 specs)
  wrote app16_polischar_evst_fe15_farzad_{ori,rotated}.png  (pre=5 post=5)
  wrote app16_polischar_evst_fe16_farzad_{ori,rotated}.png  (pre=5 post=5)
  wrote app16_polischar_evst_fe17_farzad_{ori,rotated}.png  (pre=5 post=5)
  wrote app16_polischar_evst_fe18_farzad_{ori,rotated}.png  (pre=5 post=5)
  wrote app16_polischar_evst_fe19_farzad_{ori,rotated}.png  (pre=5 post=5)
  wrote app16_polischar_evst_fe20_farzad_{ori,rotated}.png  (pre=5 post=5)
  wrote app16_polischar_evst_fe21_farzad_{ori,rotated}.png  (pre=5 post=5)
  wrote app16_polischar_evst_fe22_farzad_{ori,rotated}.png  (pre=5 post=5)
  wrote app16_polischar_evst_fe24_farzad_{ori,rotated}.png  (pre=5 post=5)
  wrote app16_polischar_evst_fe26_farzad_{ori,rotated}.png  (pre=5 post=5)
  wrote app16_polischar_evst_fe27_farzad_{ori,rotated}.png  (pre=5 post=5)
  wrote app16_polischar_evst_fe28_farzad_{ori,rotated}.png  (pre=5 post=5)
  wrote app16_polischar_evst_fe30_farzad_{ori,rotated}.png  (pre=5 post=5)
  wrote app16_polischar_evst_fe31_farzad_{ori,rotated}.png  (pre=5 post=5)
  wrote app16_polischar_evst_fe29_farzad_{ori,rotated}.png  (pre=5 post=5)
  wrote app16_polischar_evst_fe32_farzad_{ori,rotated}.png  (pre=5 post=5)

Event studies -- protest (_app_17)
  set1 / area  (8 specs)
  wrote app17_protest_evst_fe1_area_{ori,rotated}.png  (pre=8 post=2)
  wrote app17_protest_evst_fe2_area_{ori,rotated}.png  (pre=8 post=2)
  wrote app17_protest_evst_fe3_area_{ori,rotated}.png  (pre=8 post=2)
  wrote app17_protest_evst_fe4_area_{ori,rotated}.png  (pre=8 post=2)
  wrote app17_protest_evst_fe5_area_{ori,rotated}.png  (pre=8 post=2)
  wrote app17_protest_evst_fe6_area_{ori,rotated}.png  (pre=8 post=2)
  wrote app17_protest_evst_fe7_area_{ori,rotated}.png  (pre=8 post=2)
  wrote app17_protest_evst_fe23_area_{ori,rotated}.png  (pre=8 post=2)
  set2 / area  (8 specs)
  wrote app17_protest_evst_fe8_area_{ori,rotated}.png  (pre=8 post=2)
  wrote app17_protest_evst_fe9_area_{ori,rotated}.png  (pre=8 post=2)
  wrote app17_protest_evst_fe10_area_{ori,rotated}.png  (pre=8 post=2)
  wrote app17_protest_evst_fe11_area_{ori,rotated}.png  (pre=8 post=2)
  wrote app17_protest_evst_fe12_area_{ori,rotated}.png  (pre=8 post=2)
  wrote app17_protest_evst_fe13_area_{ori,rotated}.png  (pre=8 post=2)
  wrote app17_protest_evst_fe14_area_{ori,rotated}.png  (pre=8 post=2)
  wrote app17_protest_evst_fe25_area_{ori,rotated}.png  (pre=8 post=2)
  set3 / area  (8 specs)
  wrote app17_protest_evst_fe15_area_{ori,rotated}.png  (pre=8 post=2)
  wrote app17_protest_evst_fe16_area_{ori,rotated}.png  (pre=8 post=2)
  wrote app17_protest_evst_fe17_area_{ori,rotated}.png  (pre=8 post=2)
  wrote app17_protest_evst_fe18_area_{ori,rotated}.png  (pre=8 post=2)
  wrote app17_protest_evst_fe19_area_{ori,rotated}.png  (pre=8 post=2)
  wrote app17_protest_evst_fe20_area_{ori,rotated}.png  (pre=8 post=2)
  wrote app17_protest_evst_fe21_area_{ori,rotated}.png  (pre=8 post=2)
  wrote app17_protest_evst_fe29_area_{ori,rotated}.png  (pre=8 post=2)
  set4 / area  (8 specs)
  wrote app17_protest_evst_fe22_area_{ori,rotated}.png  (pre=8 post=2)
  wrote app17_protest_evst_fe24_area_{ori,rotated}.png  (pre=8 post=2)
  wrote app17_protest_evst_fe26_area_{ori,rotated}.png  (pre=8 post=2)
  wrote app17_protest_evst_fe27_area_{ori,rotated}.png  (pre=8 post=2)
  wrote app17_protest_evst_fe28_area_{ori,rotated}.png  (pre=8 post=2)
  wrote app17_protest_evst_fe30_area_{ori,rotated}.png  (pre=8 post=2)
  wrote app17_protest_evst_fe31_area_{ori,rotated}.png  (pre=8 post=2)
  wrote app17_protest_evst_fe32_area_{ori,rotated}.png  (pre=8 post=2)
  set1 / farzad  (8 specs)
  wrote app17_protest_evst_fe1_farzad_{ori,rotated}.png  (pre=8 post=2)
  wrote app17_protest_evst_fe2_farzad_{ori,rotated}.png  (pre=8 post=2)
  wrote app17_protest_evst_fe3_farzad_{ori,rotated}.png  (pre=8 post=2)
  wrote app17_protest_evst_fe4_farzad_{ori,rotated}.png  (pre=8 post=2)
  wrote app17_protest_evst_fe5_farzad_{ori,rotated}.png  (pre=8 post=2)
  wrote app17_protest_evst_fe6_farzad_{ori,rotated}.png  (pre=8 post=2)
  wrote app17_protest_evst_fe7_farzad_{ori,rotated}.png  (pre=8 post=2)
  wrote app17_protest_evst_fe23_farzad_{ori,rotated}.png  (pre=8 post=2)
  set2 / farzad  (8 specs)
  wrote app17_protest_evst_fe8_farzad_{ori,rotated}.png  (pre=8 post=2)
  wrote app17_protest_evst_fe9_farzad_{ori,rotated}.png  (pre=8 post=2)
  wrote app17_protest_evst_fe10_farzad_{ori,rotated}.png  (pre=8 post=2)
  wrote app17_protest_evst_fe11_farzad_{ori,rotated}.png  (pre=8 post=2)
  wrote app17_protest_evst_fe12_farzad_{ori,rotated}.png  (pre=8 post=2)
  wrote app17_protest_evst_fe13_farzad_{ori,rotated}.png  (pre=8 post=2)
  wrote app17_protest_evst_fe14_farzad_{ori,rotated}.png  (pre=8 post=2)
  wrote app17_protest_evst_fe25_farzad_{ori,rotated}.png  (pre=8 post=2)
  set3 / farzad  (8 specs)
  wrote app17_protest_evst_fe15_farzad_{ori,rotated}.png  (pre=8 post=2)
  wrote app17_protest_evst_fe16_farzad_{ori,rotated}.png  (pre=8 post=2)
  wrote app17_protest_evst_fe17_farzad_{ori,rotated}.png  (pre=8 post=2)
  wrote app17_protest_evst_fe18_farzad_{ori,rotated}.png  (pre=8 post=2)
  wrote app17_protest_evst_fe19_farzad_{ori,rotated}.png  (pre=8 post=2)
  wrote app17_protest_evst_fe20_farzad_{ori,rotated}.png  (pre=8 post=2)
  wrote app17_protest_evst_fe21_farzad_{ori,rotated}.png  (pre=8 post=2)
  wrote app17_protest_evst_fe29_farzad_{ori,rotated}.png  (pre=8 post=2)
  set4 / farzad  (8 specs)
  wrote app17_protest_evst_fe22_farzad_{ori,rotated}.png  (pre=8 post=2)
  wrote app17_protest_evst_fe24_farzad_{ori,rotated}.png  (pre=8 post=2)
  wrote app17_protest_evst_fe26_farzad_{ori,rotated}.png  (pre=8 post=2)
  wrote app17_protest_evst_fe27_farzad_{ori,rotated}.png  (pre=8 post=2)
  wrote app17_protest_evst_fe28_farzad_{ori,rotated}.png  (pre=8 post=2)
  wrote app17_protest_evst_fe30_farzad_{ori,rotated}.png  (pre=8 post=2)
  wrote app17_protest_evst_fe31_farzad_{ori,rotated}.png  (pre=8 post=2)
  wrote app17_protest_evst_fe32_farzad_{ori,rotated}.png  (pre=8 post=2)

Full event-study plots complete.
