This is pdfTeX, Version 3.141592653-2.6-1.40.29 (TeX Live 2026) (preloaded format=pdflatex)
 restricted \write18 enabled.
entering extended mode
(./report_test.tex
LaTeX2e <2025-11-01>
L3 programming layer <2026-01-19>
(/usr/local/texlive/2026/texmf-dist/tex/latex/base/article.cls
Document Class: article 2025/01/22 v1.4n Standard LaTeX document class
(/usr/local/texlive/2026/texmf-dist/tex/latex/base/size11.clo))
(/usr/local/texlive/2026/texmf-dist/tex/latex/geometry/geometry.sty
(/usr/local/texlive/2026/texmf-dist/tex/latex/graphics/keyval.sty)
(/usr/local/texlive/2026/texmf-dist/tex/generic/iftex/ifvtex.sty
(/usr/local/texlive/2026/texmf-dist/tex/generic/iftex/iftex.sty)))
(/usr/local/texlive/2026/texmf-dist/tex/latex/graphics/graphicx.sty
(/usr/local/texlive/2026/texmf-dist/tex/latex/graphics/graphics.sty
(/usr/local/texlive/2026/texmf-dist/tex/latex/graphics/trig.sty)
(/usr/local/texlive/2026/texmf-dist/tex/latex/graphics-cfg/graphics.cfg)
(/usr/local/texlive/2026/texmf-dist/tex/latex/graphics-def/pdftex.def)))
(/usr/local/texlive/2026/texmf-dist/tex/latex/float/float.sty)
(/usr/local/texlive/2026/texmf-dist/tex/latex/caption/caption.sty
(/usr/local/texlive/2026/texmf-dist/tex/latex/caption/caption3.sty))
(/usr/local/texlive/2026/texmf-dist/tex/latex/hyperref/hyperref.sty
(/usr/local/texlive/2026/texmf-dist/tex/latex/kvsetkeys/kvsetkeys.sty)
(/usr/local/texlive/2026/texmf-dist/tex/generic/kvdefinekeys/kvdefinekeys.sty)
(/usr/local/texlive/2026/texmf-dist/tex/generic/pdfescape/pdfescape.sty
(/usr/local/texlive/2026/texmf-dist/tex/generic/ltxcmds/ltxcmds.sty)
(/usr/local/texlive/2026/texmf-dist/tex/generic/pdftexcmds/pdftexcmds.sty
(/usr/local/texlive/2026/texmf-dist/tex/generic/infwarerr/infwarerr.sty)))
(/usr/local/texlive/2026/texmf-dist/tex/latex/hycolor/hycolor.sty)
(/usr/local/texlive/2026/texmf-dist/tex/latex/hyperref/nameref.sty
(/usr/local/texlive/2026/texmf-dist/tex/latex/refcount/refcount.sty)
(/usr/local/texlive/2026/texmf-dist/tex/generic/gettitlestring/gettitlestring.s
ty (/usr/local/texlive/2026/texmf-dist/tex/latex/kvoptions/kvoptions.sty)))
(/usr/local/texlive/2026/texmf-dist/tex/latex/etoolbox/etoolbox.sty)
(/usr/local/texlive/2026/texmf-dist/tex/generic/stringenc/stringenc.sty)
(/usr/local/texlive/2026/texmf-dist/tex/latex/hyperref/pd1enc.def)
(/usr/local/texlive/2026/texmf-dist/tex/generic/intcalc/intcalc.sty)
(/usr/local/texlive/2026/texmf-dist/tex/latex/hyperref/puenc.def)
(/usr/local/texlive/2026/texmf-dist/tex/latex/url/url.sty)
(/usr/local/texlive/2026/texmf-dist/tex/generic/bitset/bitset.sty
(/usr/local/texlive/2026/texmf-dist/tex/generic/bigintcalc/bigintcalc.sty)))
(/usr/local/texlive/2026/texmf-dist/tex/latex/hyperref/hpdftex.def
(/usr/local/texlive/2026/texmf-dist/tex/latex/rerunfilecheck/rerunfilecheck.sty

(/usr/local/texlive/2026/texmf-dist/tex/generic/uniquecounter/uniquecounter.sty
))) (/usr/local/texlive/2026/texmf-dist/tex/latex/placeins/placeins.sty)
(/usr/local/texlive/2026/texmf-dist/tex/latex/l3backend/l3backend-pdftex.def)
(./report_test.aux)
*geometry* driver: auto-detecting
*geometry* detected driver: pdftex
(/usr/local/texlive/2026/texmf-dist/tex/context/base/mkii/supp-pdf.mkii
[Loading MPS to PDF converter (version 2006.09.02).]
) (/usr/local/texlive/2026/texmf-dist/tex/latex/epstopdf-pkg/epstopdf-base.sty
(/usr/local/texlive/2026/texmf-dist/tex/latex/latexconfig/epstopdf-sys.cfg))
(./report_test.out) (./report_test.out)

LaTeX Font Warning: Font shape `OMS/cmtt/m/n' undefined
(Font)              using `OMS/cmsy/m/n' instead
(Font)              for symbol `textbraceleft' on input line 19.


Overfull \hbox (2.25627pt too wide) in paragraph at lines 16--24
\OT1/cmr/m/n/10.95 fixed-effects spec-i-fi-ca-tions \OMS/cmtt/m/n/10.95 f\OT1/c
mtt/m/n/10.95 1, 8, 16, 24, 32\OMS/cmtt/m/n/10.95 g \OT1/cmr/m/n/10.95 on the [
]\OT1/cmtt/m/n/10.95 sample \OT1/cmr/m/n/10.95 sub-set, ru-ral grids (\OT1/cmtt
/m/n/10.95 is[]rural[]area\OT1/cmr/m/n/10.95 ).
(./report_test.toc) [1{/usr/local/texlive/2026/texmf-var/fonts/map/pdftex/updma
p/pdftex.map}] [2 <../figures/app16_polischar_evst_fe1_ori.png> <../figures/app
16_polischar_evst_fe1_rotated.png>] [3 <../figures/app16_polischar_evst_fe8_ori
.png> <../figures/app16_polischar_evst_fe8_rotated.png>] [4 <../figures/app16_p
olischar_evst_fe16_ori.png> <../figures/app16_polischar_evst_fe16_rotated.png>]
[5 <../figures/app16_polischar_evst_fe24_ori.png> <../figures/app16_polischar_e
vst_fe24_rotated.png>] [6 <../figures/app16_polischar_evst_fe32_ori.png> <../fi
gures/app16_polischar_evst_fe32_rotated.png>] [7 <../figures/app17_protest_evst
_fe1_ori.png> <../figures/app17_protest_evst_fe1_rotated.png>] [8 <../figures/a
pp17_protest_evst_fe8_ori.png> <../figures/app17_protest_evst_fe8_rotated.png>]
[9 <../figures/app17_protest_evst_fe16_ori.png> <../figures/app17_protest_evst_
fe16_rotated.png>] [10 <../figures/app17_protest_evst_fe24_ori.png> <../figures
/app17_protest_evst_fe24_rotated.png>] [11 <../figures/app17_protest_evst_fe32_
ori.png> <../figures/app17_protest_evst_fe32_rotated.png>] [12 <../figures/app1
8_protest_did_downup_1.png> <../figures/app18_protest_did_downup_2.png>]
[13 <../figures/app18_protest_did_downup_3.png> <../figures/app18_protest_did_d
ownup_4.png>] [14 <../figures/app18_protest_did_downup_5.png>]
Overfull \hbox (27.57484pt too wide) in paragraph at lines 179--179
[]\OT1/cmr/bx/n/14.4 Interaction DiD --- Politi-cian char-ac-ter-is-tics with \
OT1/cmtt/m/n/14.4 downup[]ac \OT1/cmr/bx/n/14.4 ([]\OT1/cmtt/m/n/14.4 app[]19\O
T1/cmr/bx/n/14.4 ) 
[15 <../figures/app19_polischar_did_downup_1.png> <../figures/app19_polischar_d
id_downup_2.png>] [16 <../figures/app19_polischar_did_downup_3.png> <../figures
/app19_polischar_did_downup_4.png>] [17 <../figures/app19_polischar_did_downup_
5.png>] (./report_test.aux)

LaTeX Font Warning: Some font shapes were not available, defaults substituted.

 )
(see the transcript file for additional information)</usr/local/texlive/2026/te
xmf-dist/fonts/type1/public/amsfonts/cm/cmbx10.pfb></usr/local/texlive/2026/tex
mf-dist/fonts/type1/public/amsfonts/cm/cmbx12.pfb></usr/local/texlive/2026/texm
f-dist/fonts/type1/public/amsfonts/cm/cmmi10.pfb></usr/local/texlive/2026/texmf
-dist/fonts/type1/public/amsfonts/cm/cmr10.pfb></usr/local/texlive/2026/texmf-d
ist/fonts/type1/public/amsfonts/cm/cmr12.pfb></usr/local/texlive/2026/texmf-dis
t/fonts/type1/public/amsfonts/cm/cmr17.pfb></usr/local/texlive/2026/texmf-dist/
fonts/type1/public/amsfonts/cm/cmsy10.pfb></usr/local/texlive/2026/texmf-dist/f
onts/type1/public/amsfonts/cm/cmtt10.pfb></usr/local/texlive/2026/texmf-dist/fo
nts/type1/public/amsfonts/cm/cmtt12.pfb>
Output written on report_test.pdf (17 pages, 3237463 bytes).
Transcript written on report_test.log.
